<?xml version="1.0" encoding="UTF-8"?>
<testng-results skipped="0" failed="0" ignored="0" total="1" passed="1">
  <reporter-output>
  </reporter-output>
  <suite name="Default suite" duration-ms="7881" started-at="2019-06-02T18:36:57Z" finished-at="2019-06-02T18:37:04Z">
    <groups>
    </groups>
    <test name="Default test" duration-ms="7881" started-at="2019-06-02T18:36:57Z" finished-at="2019-06-02T18:37:04Z">
      <class name="com.class12.Task">
        <test-method status="PASS" signature="readFile()[pri:0, instance:com.class12.Task@5034c75a]" name="readFile" duration-ms="7849" started-at="2019-06-02T18:36:57Z" finished-at="2019-06-02T18:37:04Z">
          <reporter-output>
          </reporter-output>
        </test-method> <!-- readFile -->
      </class> <!-- com.class12.Task -->
    </test> <!-- Default test -->
  </suite> <!-- Default suite -->
</testng-results>
